# JRE version: Java(TM) SE Runtime Environment (8.0_161-b12) (build 1.8.0_161-b12)
# Java VM: Java HotSpot(TM) 64-Bit Server VM (25.161-b12 mixed mode linux-amd64 compressed oops)
Heap:
 PSYoungGen      total 229376K, used 19424K [0x00000000d7200000, 0x00000000e6680000, 0x0000000100000000)
  eden space 209920K, 0% used [0x00000000d7200000,0x00000000d7200000,0x00000000e3f00000)
  from space 19456K, 99% used [0x00000000e3f00000,0x00000000e51f8210,0x00000000e5200000)
  to   space 15360K, 0% used [0x00000000e5200000,0x00000000e5200000,0x00000000e6100000)
 ParOldGen       total 88576K, used 38012K [0x0000000085600000, 0x000000008ac80000, 0x00000000d7200000)
  object space 88576K, 42% used [0x0000000085600000,0x0000000087b1f0f8,0x000000008ac80000)
 Metaspace       used 50613K, capacity 52572K, committed 52824K, reserved 1095680K
  class space    used 6885K, capacity 7439K, committed 7552K, reserved 1048576K
GC Heap History (10 events):
Event: 5,191 GC heap after
Heap after GC invocations=8 (full 1):
 PSYoungGen      total 133120K, used 10235K [0x00000000d7200000, 0x00000000e3280000, 0x0000000100000000)
  eden space 122880K, 0% used [0x00000000d7200000,0x00000000d7200000,0x00000000dea00000)
  from space 10240K, 99% used [0x00000000dea00000,0x00000000df3fec20,0x00000000df400000)
  to   space 11776K, 0% used [0x00000000e2700000,0x00000000e2700000,0x00000000e3280000)
 ParOldGen       total 54272K, used 8447K [0x0000000085600000, 0x0000000088b00000, 0x00000000d7200000)
  object space 54272K, 15% used [0x0000000085600000,0x0000000085e3fd48,0x0000000088b00000)
 Metaspace       used 32553K, capacity 33052K, committed 33408K, reserved 1077248K
  class space    used 4470K, capacity 4611K, committed 4736K, reserved 1048576K
}
Event: 5,672 GC heap before
{Heap before GC invocations=9 (full 1):
 PSYoungGen      total 133120K, used 61534K [0x00000000d7200000, 0x00000000e3280000, 0x0000000100000000)
  eden space 122880K, 41% used [0x00000000d7200000,0x00000000da418c28,0x00000000dea00000)
  from space 10240K, 99% used [0x00000000dea00000,0x00000000df3fec20,0x00000000df400000)
  to   space 11776K, 0% used [0x00000000e2700000,0x00000000e2700000,0x00000000e3280000)
 ParOldGen       total 54272K, used 8447K [0x0000000085600000, 0x0000000088b00000, 0x00000000d7200000)
  object space 54272K, 15% used [0x0000000085600000,0x0000000085e3fd48,0x0000000088b00000)
 Metaspace       used 34624K, capacity 35184K, committed 35416K, reserved 1079296K
  class space    used 4747K, capacity 4933K, committed 4992K, reserved 1048576K
Event: 5,689 GC heap after
Heap after GC invocations=9 (full 1):
 PSYoungGen      total 183296K, used 11775K [0x00000000d7200000, 0x00000000e5300000, 0x0000000100000000)
  eden space 171520K, 0% used [0x00000000d7200000,0x00000000d7200000,0x00000000e1980000)
  from space 11776K, 99% used [0x00000000e2700000,0x00000000e327fe08,0x00000000e3280000)
  to   space 13824K, 0% used [0x00000000e1980000,0x00000000e1980000,0x00000000e2700000)
 ParOldGen       total 54272K, used 9795K [0x0000000085600000, 0x0000000088b00000, 0x00000000d7200000)
  object space 54272K, 18% used [0x0000000085600000,0x0000000085f90c40,0x0000000088b00000)
 Metaspace       used 34624K, capacity 35184K, committed 35416K, reserved 1079296K
  class space    used 4747K, capacity 4933K, committed 4992K, reserved 1048576K
}
Event: 5,689 GC heap before
{Heap before GC invocations=10 (full 2):
 PSYoungGen      total 183296K, used 11775K [0x00000000d7200000, 0x00000000e5300000, 0x0000000100000000)
  eden space 171520K, 0% used [0x00000000d7200000,0x00000000d7200000,0x00000000e1980000)
  from space 11776K, 99% used [0x00000000e2700000,0x00000000e327fe08,0x00000000e3280000)
  to   space 13824K, 0% used [0x00000000e1980000,0x00000000e1980000,0x00000000e2700000)
 ParOldGen       total 54272K, used 9795K [0x0000000085600000, 0x0000000088b00000, 0x00000000d7200000)
  object space 54272K, 18% used [0x0000000085600000,0x0000000085f90c40,0x0000000088b00000)
 Metaspace       used 34624K, capacity 35184K, committed 35416K, reserved 1079296K
  class space    used 4747K, capacity 4933K, committed 4992K, reserved 1048576K
Event: 5,843 GC heap after
Heap after GC invocations=10 (full 2):
 PSYoungGen      total 183296K, used 0K [0x00000000d7200000, 0x00000000e5300000, 0x0000000100000000)
  eden space 171520K, 0% used [0x00000000d7200000,0x00000000d7200000,0x00000000e1980000)
  from space 11776K, 0% used [0x00000000e2700000,0x00000000e2700000,0x00000000e3280000)
  to   space 13824K, 0% used [0x00000000e1980000,0x00000000e1980000,0x00000000e2700000)
 ParOldGen       total 88576K, used 20593K [0x0000000085600000, 0x000000008ac80000, 0x00000000d7200000)
  object space 88576K, 23% used [0x0000000085600000,0x0000000086a1c7f8,0x000000008ac80000)
 Metaspace       used 34624K, capacity 35184K, committed 35416K, reserved 1079296K
  class space    used 4747K, capacity 4933K, committed 4992K, reserved 1048576K
}
Event: 8,646 GC heap before
{Heap before GC invocations=11 (full 2):
 PSYoungGen      total 183296K, used 171520K [0x00000000d7200000, 0x00000000e5300000, 0x0000000100000000)
  eden space 171520K, 100% used [0x00000000d7200000,0x00000000e1980000,0x00000000e1980000)
  from space 11776K, 0% used [0x00000000e2700000,0x00000000e2700000,0x00000000e3280000)
  to   space 13824K, 0% used [0x00000000e1980000,0x00000000e1980000,0x00000000e2700000)
 ParOldGen       total 88576K, used 20593K [0x0000000085600000, 0x000000008ac80000, 0x00000000d7200000)
  object space 88576K, 23% used [0x0000000085600000,0x0000000086a1c7f8,0x000000008ac80000)
 Metaspace       used 45974K, capacity 47074K, committed 47320K, reserved 1089536K
  class space    used 6327K, capacity 6656K, committed 6656K, reserved 1048576K
Event: 8,678 GC heap after
Heap after GC invocations=11 (full 2):
 PSYoungGen      total 185344K, used 13741K [0x00000000d7200000, 0x00000000e6100000, 0x0000000100000000)
  eden space 171520K, 0% used [0x00000000d7200000,0x00000000d7200000,0x00000000e1980000)
  from space 13824K, 99% used [0x00000000e1980000,0x00000000e26eb690,0x00000000e2700000)
  to   space 15360K, 0% used [0x00000000e5200000,0x00000000e5200000,0x00000000e6100000)
 ParOldGen       total 88576K, used 20601K [0x0000000085600000, 0x000000008ac80000, 0x00000000d7200000)
  object space 88576K, 23% used [0x0000000085600000,0x0000000086a1e7f8,0x000000008ac80000)
 Metaspace       used 45974K, capacity 47074K, committed 47320K, reserved 1089536K
  class space    used 6327K, capacity 6656K, committed 6656K, reserved 1048576K
}
Event: 12,136 GC heap before
{Heap before GC invocations=12 (full 2):
 PSYoungGen      total 185344K, used 185261K [0x00000000d7200000, 0x00000000e6100000, 0x0000000100000000)
  eden space 171520K, 100% used [0x00000000d7200000,0x00000000e1980000,0x00000000e1980000)
  from space 13824K, 99% used [0x00000000e1980000,0x00000000e26eb690,0x00000000e2700000)
  to   space 15360K, 0% used [0x00000000e5200000,0x00000000e5200000,0x00000000e6100000)
 ParOldGen       total 88576K, used 20601K [0x0000000085600000, 0x000000008ac80000, 0x00000000d7200000)
  object space 88576K, 23% used [0x0000000085600000,0x0000000086a1e7f8,0x000000008ac80000)
 Metaspace       used 48330K, capacity 49928K, committed 50136K, reserved 1091584K
  class space    used 6594K, capacity 7057K, committed 7168K, reserved 1048576K
Event: 12,193 GC heap after
Heap after GC invocations=12 (full 2):
 PSYoungGen      total 225280K, used 15328K [0x00000000d7200000, 0x00000000e6680000, 0x0000000100000000)
  eden space 209920K, 0% used [0x00000000d7200000,0x00000000d7200000,0x00000000e3f00000)
  from space 15360K, 99% used [0x00000000e5200000,0x00000000e60f8210,0x00000000e6100000)
  to   space 19456K, 0% used [0x00000000e3f00000,0x00000000e3f00000,0x00000000e5200000)
 ParOldGen       total 88576K, used 27162K [0x0000000085600000, 0x000000008ac80000, 0x00000000d7200000)
  object space 88576K, 30% used [0x0000000085600000,0x0000000087086910,0x000000008ac80000)
 Metaspace       used 48330K, capacity 49928K, committed 50136K, reserved 1091584K
  class space    used 6594K, capacity 7057K, committed 7168K, reserved 1048576K
}
Event: 26,588 GC heap before
{Heap before GC invocations=13 (full 2):
 PSYoungGen      total 225280K, used 225248K [0x00000000d7200000, 0x00000000e6680000, 0x0000000100000000)
  eden space 209920K, 100% used [0x00000000d7200000,0x00000000e3f00000,0x00000000e3f00000)
  from space 15360K, 99% used [0x00000000e5200000,0x00000000e60f8210,0x00000000e6100000)
  to   space 19456K, 0% used [0x00000000e3f00000,0x00000000e3f00000,0x00000000e5200000)
 ParOldGen       total 88576K, used 27162K [0x0000000085600000, 0x000000008ac80000, 0x00000000d7200000)
  object space 88576K, 30% used [0x0000000085600000,0x0000000087086910,0x000000008ac80000)
 Metaspace       used 50613K, capacity 52572K, committed 52824K, reserved 1095680K
  class space    used 6885K, capacity 7439K, committed 7552K, reserved 1048576K

